{"/Users/ardiles/Documents/Repositorios/swaggerExample/src/app.ts": {"path":"/Users/ardiles/Documents/Repositorios/swaggerExample/src/app.ts","statementMap":{"0":{"start":{"line":1,"column":0},"end":{"line":1,"column":30}},"1":{"start":{"line":2,"column":0},"end":{"line":2,"column":40}},"2":{"start":{"line":3,"column":0},"end":{"line":3,"column":43}},"3":{"start":{"line":4,"column":0},"end":{"line":4,"column":50}},"4":{"start":{"line":6,"column":12},"end":{"line":6,"column":21}},"5":{"start":{"line":8,"column":0},"end":{"line":8,"column":24}},"6":{"start":{"line":9,"column":0},"end":{"line":9,"column":34}},"7":{"start":{"line":10,"column":0},"end":{"line":10,"column":68}},"8":{"start":{"line":12,"column":0},"end":{"line":12,"column":19}}},"fnMap":{},"branchMap":{},"s":{"0":1,"1":1,"2":1,"3":1,"4":1,"5":1,"6":1,"7":1,"8":1},"f":{},"b":{}}
,"/Users/ardiles/Documents/Repositorios/swaggerExample/src/routes/users.ts": {"path":"/Users/ardiles/Documents/Repositorios/swaggerExample/src/routes/users.ts","statementMap":{"0":{"start":{"line":1,"column":0},"end":{"line":1,"column":52}},"1":{"start":{"line":2,"column":0},"end":{"line":2,"column":66}},"2":{"start":{"line":4,"column":15},"end":{"line":4,"column":23}},"3":{"start":{"line":15,"column":0},"end":{"line":17,"column":3}},"4":{"start":{"line":16,"column":2},"end":{"line":16,"column":26}},"5":{"start":{"line":38,"column":0},"end":{"line":41,"column":3}},"6":{"start":{"line":39,"column":15},"end":{"line":39,"column":40}},"7":{"start":{"line":40,"column":2},"end":{"line":40,"column":29}},"8":{"start":{"line":43,"column":0},"end":{"line":43,"column":22}}},"fnMap":{"0":{"name":"(anonymous_0)","decl":{"start":{"line":15,"column":16},"end":{"line":15,"column":17}},"loc":{"start":{"line":15,"column":48},"end":{"line":17,"column":1}}},"1":{"name":"(anonymous_1)","decl":{"start":{"line":38,"column":17},"end":{"line":38,"column":18}},"loc":{"start":{"line":38,"column":49},"end":{"line":41,"column":1}}}},"branchMap":{},"s":{"0":1,"1":1,"2":1,"3":1,"4":2,"5":1,"6":2,"7":2,"8":1},"f":{"0":2,"1":2},"b":{}}
,"/Users/ardiles/Documents/Repositorios/swaggerExample/src/swagger/swaggerConfig.ts": {"path":"/Users/ardiles/Documents/Repositorios/swaggerExample/src/swagger/swaggerConfig.ts","statementMap":{"0":{"start":{"line":1,"column":0},"end":{"line":1,"column":41}},"1":{"start":{"line":3,"column":38},"end":{"line":18,"column":2}},"2":{"start":{"line":20,"column":20},"end":{"line":20,"column":41}},"3":{"start":{"line":21,"column":0},"end":{"line":21,"column":27}}},"fnMap":{},"branchMap":{},"s":{"0":1,"1":1,"2":1,"3":1},"f":{},"b":{}}
}
